<?xml version="1.0" encoding="UTF-8"?>
<testsuite xmlns:xsi="http://www.w3.org/2001/XMLSchema-instance" xsi:noNamespaceSchemaLocation="https://maven.apache.org/surefire/maven-surefire-plugin/xsd/surefire-test-report.xsd" name="TestSuite" time="27.548" tests="3" errors="0" skipped="0" failures="2">
  <properties>
    <property name="sun.desktop" value="windows"/>
    <property name="awt.toolkit" value="sun.awt.windows.WToolkit"/>
    <property name="java.specification.version" value="11"/>
    <property name="webdriver.chrome.driver" value="C:\Users\Dante\.m2\repository\webdriver\chromedriver\win32\92.0.4515.43\chromedriver.exe"/>
    <property name="sun.cpu.isalist" value="amd64"/>
    <property name="sun.jnu.encoding" value="Cp1252"/>
    <property name="java.class.path" value="C:\Program Files\JetBrains\IntelliJ IDEA 2020.1\plugins\maven\lib\maven3\boot\plexus-classworlds-2.6.0.jar;C:\Program Files\JetBrains\IntelliJ IDEA 2020.1\lib\idea_rt.jar"/>
    <property name="forkCount" value="0"/>
    <property name="java.vm.vendor" value="Oracle Corporation"/>
    <property name="sun.arch.data.model" value="64"/>
    <property name="user.variant" value=""/>
    <property name="java.vendor.url" value="https://openjdk.java.net/"/>
    <property name="user.timezone" value="America/Buenos_Aires"/>
    <property name="maven.conf" value="C:\Program Files\JetBrains\IntelliJ IDEA 2020.1\plugins\maven\lib\maven3/conf"/>
    <property name="os.name" value="Windows 10"/>
    <property name="java.vm.specification.version" value="11"/>
    <property name="sun.java.launcher" value="SUN_STANDARD"/>
    <property name="user.country" value="AR"/>
    <property name="sun.boot.library.path" value="C:\Program Files\Java\jdk-11.0.7\bin"/>
    <property name="sun.java.command" value="org.codehaus.classworlds.Launcher -Didea.version2020.1 -DforkCount=0 clean test -P local,chrome"/>
    <property name="jdk.debug" value="release"/>
    <property name="maven.home" value="C:\Program Files\JetBrains\IntelliJ IDEA 2020.1\plugins\maven\lib\maven3"/>
    <property name="surefire.test.class.path" value="C:\Users\Dante\Desktop\lippiaWebTestingUY\target\test-classes;C:\Users\Dante\Desktop\lippiaWebTestingUY\target\classes;C:\Users\Dante\.m2\repository\io\lippia\core\3.2.3.8\core-3.2.3.8.jar;C:\Users\Dante\.m2\repository\io\lippia\report\extentreports-cucumber4-adapter\1.1.0.10\extentreports-cucumber4-adapter-1.1.0.10.jar;C:\Users\Dante\.m2\repository\com\aventstack\extentreports\4.2.0\extentreports-4.2.0-beta-2.1.jar;C:\Users\Dante\.m2\repository\org\freemarker\freemarker\2.3.29\freemarker-2.3.29.jar;C:\Users\Dante\.m2\repository\org\mongodb\mongodb-driver\3.3.0\mongodb-driver-3.3.0.jar;C:\Users\Dante\.m2\repository\org\mongodb\mongodb-driver-core\3.3.0\mongodb-driver-core-3.3.0.jar;C:\Users\Dante\.m2\repository\org\mongodb\bson\3.3.0\bson-3.3.0.jar;C:\Users\Dante\.m2\repository\org\apache\httpcomponents\httpclient\4.5.2\httpclient-4.5.2.jar;C:\Users\Dante\.m2\repository\org\apache\httpcomponents\httpcore\4.4.4\httpcore-4.4.4.jar;C:\Users\Dante\.m2\repository\commons-codec\commons-codec\1.9\commons-codec-1.9.jar;C:\Users\Dante\.m2\repository\org\apache\httpcomponents\httpmime\4.5.2\httpmime-4.5.2.jar;C:\Users\Dante\.m2\repository\com\google\code\gson\gson\2.8.5\gson-2.8.5.jar;C:\Users\Dante\.m2\repository\io\cucumber\cucumber-java\4.7.4\cucumber-java-4.7.4.jar;C:\Users\Dante\.m2\repository\io\cucumber\cucumber-testng\4.7.4\cucumber-testng-4.7.4.jar;C:\Users\Dante\.m2\repository\org\apiguardian\apiguardian-api\1.1.0\apiguardian-api-1.1.0.jar;C:\Users\Dante\.m2\repository\io\cucumber\cucumber-core\4.7.4\cucumber-core-4.7.4.jar;C:\Users\Dante\.m2\repository\io\cucumber\gherkin\5.1.0\gherkin-5.1.0.jar;C:\Users\Dante\.m2\repository\io\cucumber\tag-expressions\1.1.1\tag-expressions-1.1.1.jar;C:\Users\Dante\.m2\repository\io\cucumber\cucumber-expressions\7.0.2\cucumber-expressions-7.0.2.jar;C:\Users\Dante\.m2\repository\io\cucumber\datatable\1.1.14\datatable-1.1.14.jar;C:\Users\Dante\.m2\repository\io\cucumber\datatable-dependencies\1.1.14\datatable-dependencies-1.1.14.jar;C:\Users\Dante\.m2\repository\io\cucumber\cucumber-java8\4.7.4\cucumber-java8-4.7.4.jar;C:\Users\Dante\.m2\repository\net\jodah\typetools\0.5.0\typetools-0.5.0.jar;C:\Users\Dante\.m2\repository\org\testng\testng\6.14.3\testng-6.14.3.jar;C:\Users\Dante\.m2\repository\com\beust\jcommander\1.72\jcommander-1.72.jar;C:\Users\Dante\.m2\repository\org\apache-extras\beanshell\bsh\2.0b6\bsh-2.0b6.jar;C:\Users\Dante\.m2\repository\org\reflections\reflections\0.9.10\reflections-0.9.10.jar;C:\Users\Dante\.m2\repository\org\javassist\javassist\3.19.0-GA\javassist-3.19.0-GA.jar;C:\Users\Dante\.m2\repository\com\google\code\findbugs\annotations\2.0.1\annotations-2.0.1.jar;C:\Users\Dante\.m2\repository\org\jasypt\jasypt\1.9.0\jasypt-1.9.0.jar;C:\Users\Dante\.m2\repository\com\sun\mail\javax.mail\1.6.2\javax.mail-1.6.2.jar;C:\Users\Dante\.m2\repository\javax\activation\activation\1.1\activation-1.1.jar;C:\Users\Dante\.m2\repository\org\apache\pdfbox\pdfbox\2.0.13\pdfbox-2.0.13.jar;C:\Users\Dante\.m2\repository\org\apache\pdfbox\fontbox\2.0.13\fontbox-2.0.13.jar;C:\Users\Dante\.m2\repository\commons-logging\commons-logging\1.2\commons-logging-1.2.jar;C:\Users\Dante\.m2\repository\org\apache\commons\commons-lang3\3.0\commons-lang3-3.0.jar;C:\Users\Dante\.m2\repository\commons-configuration\commons-configuration\1.10\commons-configuration-1.10.jar;C:\Users\Dante\.m2\repository\commons-lang\commons-lang\2.6\commons-lang-2.6.jar;C:\Users\Dante\.m2\repository\log4j\log4j\1.2.17\log4j-1.2.17.jar;C:\Users\Dante\.m2\repository\org\powermock\powermock-module-testng\2.0.0\powermock-module-testng-2.0.0.jar;C:\Users\Dante\.m2\repository\org\powermock\powermock-core\2.0.0\powermock-core-2.0.0.jar;C:\Users\Dante\.m2\repository\org\powermock\powermock-reflect\2.0.0\powermock-reflect-2.0.0.jar;C:\Users\Dante\.m2\repository\net\bytebuddy\byte-buddy-agent\1.9.3\byte-buddy-agent-1.9.3.jar;C:\Users\Dante\.m2\repository\org\powermock\powermock-module-testng-common\2.0.0\powermock-module-testng-common-2.0.0.jar;C:\Users\Dante\.m2\repository\org\powermock\powermock-api-mockito2\2.0.0\powermock-api-mockito2-2.0.0.jar;C:\Users\Dante\.m2\repository\org\powermock\powermock-api-support\2.0.0\powermock-api-support-2.0.0.jar;C:\Users\Dante\.m2\repository\org\mockito\mockito-core\2.23.0\mockito-core-2.23.0.jar;C:\Users\Dante\.m2\repository\org\objenesis\objenesis\2.6\objenesis-2.6.jar;C:\Users\Dante\.m2\repository\org\seleniumhq\selenium\selenium-java\3.141.59\selenium-java-3.141.59.jar;C:\Users\Dante\.m2\repository\org\seleniumhq\selenium\selenium-api\3.141.59\selenium-api-3.141.59.jar;C:\Users\Dante\.m2\repository\org\seleniumhq\selenium\selenium-chrome-driver\3.141.59\selenium-chrome-driver-3.141.59.jar;C:\Users\Dante\.m2\repository\org\seleniumhq\selenium\selenium-edge-driver\3.141.59\selenium-edge-driver-3.141.59.jar;C:\Users\Dante\.m2\repository\org\seleniumhq\selenium\selenium-firefox-driver\3.141.59\selenium-firefox-driver-3.141.59.jar;C:\Users\Dante\.m2\repository\org\seleniumhq\selenium\selenium-ie-driver\3.141.59\selenium-ie-driver-3.141.59.jar;C:\Users\Dante\.m2\repository\org\seleniumhq\selenium\selenium-opera-driver\3.141.59\selenium-opera-driver-3.141.59.jar;C:\Users\Dante\.m2\repository\org\seleniumhq\selenium\selenium-remote-driver\3.141.59\selenium-remote-driver-3.141.59.jar;C:\Users\Dante\.m2\repository\org\seleniumhq\selenium\selenium-safari-driver\3.141.59\selenium-safari-driver-3.141.59.jar;C:\Users\Dante\.m2\repository\org\seleniumhq\selenium\selenium-support\3.141.59\selenium-support-3.141.59.jar;C:\Users\Dante\.m2\repository\net\bytebuddy\byte-buddy\1.8.15\byte-buddy-1.8.15.jar;C:\Users\Dante\.m2\repository\org\apache\commons\commons-exec\1.3\commons-exec-1.3.jar;C:\Users\Dante\.m2\repository\com\squareup\okhttp3\okhttp\3.11.0\okhttp-3.11.0.jar;C:\Users\Dante\.m2\repository\com\squareup\okio\okio\1.14.0\okio-1.14.0.jar;C:\Users\Dante\.m2\repository\io\github\bonigarcia\webdrivermanager\3.6.1\webdrivermanager-3.6.1.jar;C:\Users\Dante\.m2\repository\org\slf4j\slf4j-api\1.7.25\slf4j-api-1.7.25.jar;C:\Users\Dante\.m2\repository\commons-io\commons-io\2.6\commons-io-2.6.jar;C:\Users\Dante\.m2\repository\org\rauschig\jarchivelib\1.0.0\jarchivelib-1.0.0.jar;C:\Users\Dante\.m2\repository\org\apache\commons\commons-compress\1.18\commons-compress-1.18.jar;C:\Users\Dante\.m2\repository\org\jsoup\jsoup\1.11.3\jsoup-1.11.3.jar;C:\Users\Dante\.m2\repository\com\fasterxml\jackson\core\jackson-core\2.9.10\jackson-core-2.9.10.jar;C:\Users\Dante\.m2\repository\com\fasterxml\jackson\core\jackson-databind\2.9.10\jackson-databind-2.9.10.jar;C:\Users\Dante\.m2\repository\com\fasterxml\jackson\core\jackson-annotations\2.9.10\jackson-annotations-2.9.10.jar;C:\Users\Dante\.m2\repository\com\fasterxml\jackson\dataformat\jackson-dataformat-xml\2.9.10\jackson-dataformat-xml-2.9.10.jar;C:\Users\Dante\.m2\repository\com\fasterxml\jackson\module\jackson-module-jaxb-annotations\2.9.10\jackson-module-jaxb-annotations-2.9.10.jar;C:\Users\Dante\.m2\repository\org\codehaus\woodstox\stax2-api\4.2\stax2-api-4.2.jar;C:\Users\Dante\.m2\repository\com\fasterxml\woodstox\woodstox-core\5.3.0\woodstox-core-5.3.0.jar;C:\Users\Dante\.m2\repository\org\json\json\20200518\json-20200518.jar;C:\Users\Dante\.m2\repository\org\springframework\spring-core\4.3.8.RELEASE\spring-core-4.3.8.RELEASE.jar;C:\Users\Dante\.m2\repository\org\springframework\spring-web\4.3.8.RELEASE\spring-web-4.3.8.RELEASE.jar;C:\Users\Dante\.m2\repository\org\springframework\spring-aop\4.3.8.RELEASE\spring-aop-4.3.8.RELEASE.jar;C:\Users\Dante\.m2\repository\org\springframework\spring-beans\4.3.8.RELEASE\spring-beans-4.3.8.RELEASE.jar;C:\Users\Dante\.m2\repository\org\springframework\spring-context\4.3.8.RELEASE\spring-context-4.3.8.RELEASE.jar;C:\Users\Dante\.m2\repository\org\springframework\spring-expression\4.3.8.RELEASE\spring-expression-4.3.8.RELEASE.jar;C:\Users\Dante\.m2\repository\io\appium\java-client\7.2.0\java-client-7.2.0.jar;C:\Users\Dante\.m2\repository\cglib\cglib\3.2.12\cglib-3.2.12.jar;C:\Users\Dante\.m2\repository\org\ow2\asm\asm\7.1\asm-7.1.jar;C:\Users\Dante\.m2\repository\commons-validator\commons-validator\1.6\commons-validator-1.6.jar;C:\Users\Dante\.m2\repository\commons-beanutils\commons-beanutils\1.9.2\commons-beanutils-1.9.2.jar;C:\Users\Dante\.m2\repository\commons-digester\commons-digester\1.8.1\commons-digester-1.8.1.jar;C:\Users\Dante\.m2\repository\commons-collections\commons-collections\3.2.2\commons-collections-3.2.2.jar;C:\Users\Dante\.m2\repository\org\aspectj\aspectjweaver\1.9.4\aspectjweaver-1.9.4.jar;C:\Users\Dante\.m2\repository\com\google\guava\guava\27.0-jre\guava-27.0-jre.jar;C:\Users\Dante\.m2\repository\com\google\guava\failureaccess\1.0\failureaccess-1.0.jar;C:\Users\Dante\.m2\repository\com\google\guava\listenablefuture\9999.0-empty-to-avoid-conflict-with-guava\listenablefuture-9999.0-empty-to-avoid-conflict-with-guava.jar;C:\Users\Dante\.m2\repository\com\google\code\findbugs\jsr305\3.0.2\jsr305-3.0.2.jar;C:\Users\Dante\.m2\repository\org\checkerframework\checker-qual\2.5.2\checker-qual-2.5.2.jar;C:\Users\Dante\.m2\repository\com\google\errorprone\error_prone_annotations\2.2.0\error_prone_annotations-2.2.0.jar;C:\Users\Dante\.m2\repository\com\google\j2objc\j2objc-annotations\1.1\j2objc-annotations-1.1.jar;C:\Users\Dante\.m2\repository\org\codehaus\mojo\animal-sniffer-annotations\1.17\animal-sniffer-annotations-1.17.jar;C:\Users\Dante\.m2\repository\com\google\firebase\firebase-admin\5.9.0\firebase-admin-5.9.0.jar;C:\Users\Dante\.m2\repository\com\google\api-client\google-api-client\1.23.0\google-api-client-1.23.0.jar;C:\Users\Dante\.m2\repository\com\google\oauth-client\google-oauth-client\1.23.0\google-oauth-client-1.23.0.jar;C:\Users\Dante\.m2\repository\com\google\http-client\google-http-client-jackson2\1.23.0\google-http-client-jackson2-1.23.0.jar;C:\Users\Dante\.m2\repository\com\google\api-client\google-api-client-gson\1.23.0\google-api-client-gson-1.23.0.jar;C:\Users\Dante\.m2\repository\com\google\http-client\google-http-client-gson\1.23.0\google-http-client-gson-1.23.0.jar;C:\Users\Dante\.m2\repository\com\google\http-client\google-http-client\1.23.0\google-http-client-1.23.0.jar;C:\Users\Dante\.m2\repository\com\google\api\api-common\1.2.0\api-common-1.2.0.jar;C:\Users\Dante\.m2\repository\com\google\auth\google-auth-library-oauth2-http\0.8.0\google-auth-library-oauth2-http-0.8.0.jar;C:\Users\Dante\.m2\repository\com\google\auth\google-auth-library-credentials\0.8.0\google-auth-library-credentials-0.8.0.jar;C:\Users\Dante\.m2\repository\com\google\cloud\google-cloud-storage\1.15.0\google-cloud-storage-1.15.0.jar;C:\Users\Dante\.m2\repository\com\google\cloud\google-cloud-core\1.15.0\google-cloud-core-1.15.0.jar;C:\Users\Dante\.m2\repository\joda-time\joda-time\2.9.2\joda-time-2.9.2.jar;C:\Users\Dante\.m2\repository\com\google\api\gax\1.16.0\gax-1.16.0.jar;C:\Users\Dante\.m2\repository\com\google\protobuf\protobuf-java-util\3.5.1\protobuf-java-util-3.5.1.jar;C:\Users\Dante\.m2\repository\com\google\api\grpc\proto-google-common-protos\1.0.4\proto-google-common-protos-1.0.4.jar;C:\Users\Dante\.m2\repository\com\google\api\grpc\proto-google-iam-v1\0.1.28\proto-google-iam-v1-0.1.28.jar;C:\Users\Dante\.m2\repository\com\google\cloud\google-cloud-core-http\1.15.0\google-cloud-core-http-1.15.0.jar;C:\Users\Dante\.m2\repository\com\google\http-client\google-http-client-appengine\1.23.0\google-http-client-appengine-1.23.0.jar;C:\Users\Dante\.m2\repository\com\google\http-client\google-http-client-jackson\1.23.0\google-http-client-jackson-1.23.0.jar;C:\Users\Dante\.m2\repository\org\codehaus\jackson\jackson-core-asl\1.9.11\jackson-core-asl-1.9.11.jar;C:\Users\Dante\.m2\repository\com\google\api\gax-httpjson\0.33.0\gax-httpjson-0.33.0.jar;C:\Users\Dante\.m2\repository\com\google\apis\google-api-services-storage\v1-rev114-1.23.0\google-api-services-storage-v1-rev114-1.23.0.jar;C:\Users\Dante\.m2\repository\com\google\cloud\google-cloud-firestore\0.33.0-beta\google-cloud-firestore-0.33.0-beta.jar;C:\Users\Dante\.m2\repository\io\netty\netty-tcnative-boringssl-static\2.0.7.Final\netty-tcnative-boringssl-static-2.0.7.Final.jar;C:\Users\Dante\.m2\repository\com\google\cloud\google-cloud-core-grpc\1.15.0\google-cloud-core-grpc-1.15.0.jar;C:\Users\Dante\.m2\repository\com\google\protobuf\protobuf-java\3.5.1\protobuf-java-3.5.1.jar;C:\Users\Dante\.m2\repository\io\grpc\grpc-protobuf\1.9.0\grpc-protobuf-1.9.0.jar;C:\Users\Dante\.m2\repository\io\grpc\grpc-protobuf-lite\1.9.0\grpc-protobuf-lite-1.9.0.jar;C:\Users\Dante\.m2\repository\io\grpc\grpc-context\1.9.0\grpc-context-1.9.0.jar;C:\Users\Dante\.m2\repository\com\google\api\gax-grpc\1.16.0\gax-grpc-1.16.0.jar;C:\Users\Dante\.m2\repository\com\google\auto\value\auto-value\1.2\auto-value-1.2.jar;C:\Users\Dante\.m2\repository\org\threeten\threetenbp\1.3.3\threetenbp-1.3.3.jar;C:\Users\Dante\.m2\repository\com\google\api\grpc\proto-google-cloud-firestore-v1beta1\0.1.28\proto-google-cloud-firestore-v1beta1-0.1.28.jar;C:\Users\Dante\.m2\repository\io\grpc\grpc-netty\1.9.0\grpc-netty-1.9.0.jar;C:\Users\Dante\.m2\repository\io\grpc\grpc-core\1.9.0\grpc-core-1.9.0.jar;C:\Users\Dante\.m2\repository\com\google\instrumentation\instrumentation-api\0.4.3\instrumentation-api-0.4.3.jar;C:\Users\Dante\.m2\repository\io\opencensus\opencensus-api\0.10.0\opencensus-api-0.10.0.jar;C:\Users\Dante\.m2\repository\io\opencensus\opencensus-contrib-grpc-metrics\0.10.0\opencensus-contrib-grpc-metrics-0.10.0.jar;C:\Users\Dante\.m2\repository\io\netty\netty-codec-http2\4.1.17.Final\netty-codec-http2-4.1.17.Final.jar;C:\Users\Dante\.m2\repository\io\netty\netty-handler-proxy\4.1.17.Final\netty-handler-proxy-4.1.17.Final.jar;C:\Users\Dante\.m2\repository\io\netty\netty-codec-socks\4.1.17.Final\netty-codec-socks-4.1.17.Final.jar;C:\Users\Dante\.m2\repository\io\grpc\grpc-stub\1.9.0\grpc-stub-1.9.0.jar;C:\Users\Dante\.m2\repository\io\grpc\grpc-auth\1.9.0\grpc-auth-1.9.0.jar;C:\Users\Dante\.m2\repository\io\netty\netty-codec-http\4.1.17.Final\netty-codec-http-4.1.17.Final.jar;C:\Users\Dante\.m2\repository\io\netty\netty-codec\4.1.17.Final\netty-codec-4.1.17.Final.jar;C:\Users\Dante\.m2\repository\io\netty\netty-handler\4.1.17.Final\netty-handler-4.1.17.Final.jar;C:\Users\Dante\.m2\repository\io\netty\netty-buffer\4.1.17.Final\netty-buffer-4.1.17.Final.jar;C:\Users\Dante\.m2\repository\io\netty\netty-common\4.1.17.Final\netty-common-4.1.17.Final.jar;C:\Users\Dante\.m2\repository\io\netty\netty-transport\4.1.17.Final\netty-transport-4.1.17.Final.jar;C:\Users\Dante\.m2\repository\io\netty\netty-resolver\4.1.17.Final\netty-resolver-4.1.17.Final.jar;C:\Users\Dante\.m2\repository\net\java\dev\jna\jna-platform\4.0.0\jna-platform-4.0.0.jar;C:\Users\Dante\.m2\repository\net\java\dev\jna\jna\4.0.0\jna-4.0.0.jar;C:\Users\Dante\.m2\repository\com\github\jknack\handlebars\4.1.2\handlebars-4.1.2.jar;C:\Users\Dante\.m2\repository\io\github\sridharbandi\java-a11y\2.1.3\java-a11y-2.1.3.jar;C:\Users\Dante\.m2\repository\org\apache\commons\commons-text\1.6\commons-text-1.6.jar;C:\Users\Dante\.m2\repository\org\slf4j\slf4j-log4j12\2.0.0-alpha1\slf4j-log4j12-2.0.0-alpha1.jar;"/>
    <property name="sun.cpu.endian" value="little"/>
    <property name="user.home" value="C:\Users\Dante"/>
    <property name="user.language" value="es"/>
    <property name="java.specification.vendor" value="Oracle Corporation"/>
    <property name="java.version.date" value="2020-04-14"/>
    <property name="java.home" value="C:\Program Files\Java\jdk-11.0.7"/>
    <property name="file.separator" value="\"/>
    <property name="basedir" value="C:\Users\Dante\Desktop\lippiaWebTestingUY"/>
    <property name="java.vm.compressedOopsMode" value="Zero based"/>
    <property name="line.separator" value="&#10;"/>
    <property name="java.specification.name" value="Java Platform API Specification"/>
    <property name="java.vm.specification.vendor" value="Oracle Corporation"/>
    <property name="intellij.debug.agent" value="true"/>
    <property name="java.awt.graphicsenv" value="sun.awt.Win32GraphicsEnvironment"/>
    <property name="user.script" value=""/>
    <property name="sun.management.compiler" value="HotSpot 64-Bit Tiered Compilers"/>
    <property name="java.runtime.version" value="11.0.7+8-LTS"/>
    <property name="user.name" value="Dante"/>
    <property name="path.separator" value=";"/>
    <property name="os.version" value="10.0"/>
    <property name="java.runtime.name" value="Java(TM) SE Runtime Environment"/>
    <property name="file.encoding" value="UTF-8"/>
    <property name="guice.disable.misplaced.annotation.check" value="true"/>
    <property name="java.vm.name" value="Java HotSpot(TM) 64-Bit Server VM"/>
    <property name="idea.version2020.1" value="true"/>
    <property name="java.vendor.version" value="18.9"/>
    <property name="maven.ext.class.path" value="C:\Program Files\JetBrains\IntelliJ IDEA 2020.1\plugins\maven\lib\maven-event-listener.jar"/>
    <property name="localRepository" value="C:\Users\Dante\.m2\repository"/>
    <property name="java.vendor.url.bug" value="https://bugreport.java.com/bugreport/"/>
    <property name="java.io.tmpdir" value="C:\Users\Dante\AppData\Local\Temp\"/>
    <property name="java.version" value="11.0.7"/>
    <property name="jboss.modules.system.pkgs" value="com.intellij.rt"/>
    <property name="user.dir" value="C:\Users\Dante\Desktop\lippiaWebTestingUY"/>
    <property name="os.arch" value="amd64"/>
    <property name="maven.multiModuleProjectDirectory" value="C:\Users\Dante\Desktop\lippiaWebTestingUY"/>
    <property name="java.vm.specification.name" value="Java Virtual Machine Specification"/>
    <property name="java.awt.printerjob" value="sun.awt.windows.WPrinterJob"/>
    <property name="sun.os.patch.level" value=""/>
    <property name="java.library.path" value="C:\Program Files\Java\jdk-11.0.7\bin;C:\WINDOWS\Sun\Java\bin;C:\WINDOWS\system32;C:\WINDOWS;C:\Program Files (x86)\Razer Chroma SDK\bin;C:\Program Files\Razer Chroma SDK\bin;C:\Program Files\Common Files\Oracle\Java\javapath;C:\Program Files (x86)\Razer\ChromaBroadcast\bin;C:\Program Files\Razer\ChromaBroadcast\bin;C:\Windows\system32;C:\Windows;C:\Windows\System32\Wbem;C:\Windows\System32\WindowsPowerShell\v1.0\;C:\Windows\System32\OpenSSH\;C:\Program Files\Intel\WiFi\bin\;C:\Program Files\Common Files\Intel\WirelessCommon\;C:\Program Files\NVIDIA Corporation\NVIDIA NvDLISR;C:\Program Files (x86)\NVIDIA Corporation\PhysX\Common;C:\Windows\system32\config\systemprofile\AppData\Local\Microsoft\WindowsApps;C:\Program Files\Microsoft SQL Server\130\Tools\Binn\;C:\Program Files\Microsoft SQL Server\Client SDK\ODBC\170\Tools\Binn\;C:\Maven\apache-maven-3.6.3\bin;C:\Program Files\Java\jdk-11.0.7\bin;C:\WINDOWS\system32;C:\WINDOWS;C:\WINDOWS\System32\Wbem;C:\WINDOWS\System32\WindowsPowerShell\v1.0\;C:\WINDOWS\System32\OpenSSH\;%ANDROID_HOME%\platform-tools;%ANDROID_HOME%\platforms;C:\Program Files\Git\cmd;C:\WINDOWS\system32\config\systemprofile\AppData\Local\Microsoft\WindowsApps;C:\Users\Dante\AppData\Local\Programs\Python\Python39\Scripts\;C:\Users\Dante\AppData\Local\Programs\Python\Python39\;C:\Users\Dante\AppData\Local\Microsoft\WindowsApps;C:\Program Files\Intel\WiFi\bin\;C:\Program Files\Common Files\Intel\WirelessCommon\;C:\Users\Dante\AppData\Local\Programs\Microsoft VS Code\bin;C:\Maven\apache-maven-3.6.3\bin;C:\Program Files\JetBrains\IntelliJ IDEA 2020.1\bin;;C:\Users\Dante\AppData\Local\Android\Sdk\platform-tools;C:\Users\Dante\AppData\Local\Android\Sdk\platforms;;."/>
    <property name="java.vendor" value="Oracle Corporation"/>
    <property name="java.vm.info" value="mixed mode"/>
    <property name="java.vm.version" value="11.0.7+8-LTS"/>
    <property name="classworlds.conf" value="C:\Program Files\JetBrains\IntelliJ IDEA 2020.1\plugins\maven\lib\maven3\bin\m2.conf"/>
    <property name="sun.io.unicode.encoding" value="UnicodeLittle"/>
    <property name="java.class.version" value="55.0"/>
  </properties>
  <testcase name="runScenario" classname="com.crowdar.bdd.cukes.TestNGSecuencialRunner" time="12.163">
    <failure message="The following asserts failed:&#10;	expected [cryptocurrency] but found [shares],&#10;	expected [cryptocurrency] but found [shares],&#10;	expected [cryptocurrency] but found [shares],&#10;	expected [cryptocurrency] but found [shares],&#10;	expected [cryptocurrency] but found [shares],&#10;	expected [cryptocurrency] but found [shares],&#10;	expected [cryptocurrency] but found [shares],&#10;	expected [cryptocurrency] but found [shares],&#10;	expected [cryptocurrency] but found [shares],&#10;	expected [cryptocurrency] but found [shares],&#10;	expected [cryptocurrency] but found [shares],&#10;	expected [cryptocurrency] but found [shares],&#10;	expected [cryptocurrency] but found [shares],&#10;	expected [cryptocurrency] but found [shares],&#10;	expected [cryptocurrency] but found [shares],&#10;	expected [cryptocurrency] but found [shares],&#10;	expected [cryptocurrency] but found [shares],&#10;	expected [cryptocurrency] but found [shares],&#10;	expected [cryptocurrency] but found [shares],&#10;	expected [cryptocurrency] but found [shares],&#10;	expected [cryptocurrency] but found [shares],&#10;	expected [cryptocurrency] but found [shares]" type="java.lang.AssertionError">java.lang.AssertionError: 
The following asserts failed:
	expected [cryptocurrency] but found [shares],
	expected [cryptocurrency] but found [shares],
	expected [cryptocurrency] but found [shares],
	expected [cryptocurrency] but found [shares],
	expected [cryptocurrency] but found [shares],
	expected [cryptocurrency] but found [shares],
	expected [cryptocurrency] but found [shares],
	expected [cryptocurrency] but found [shares],
	expected [cryptocurrency] but found [shares],
	expected [cryptocurrency] but found [shares],
	expected [cryptocurrency] but found [shares],
	expected [cryptocurrency] but found [shares],
	expected [cryptocurrency] but found [shares],
	expected [cryptocurrency] but found [shares],
	expected [cryptocurrency] but found [shares],
	expected [cryptocurrency] but found [shares],
	expected [cryptocurrency] but found [shares],
	expected [cryptocurrency] but found [shares],
	expected [cryptocurrency] but found [shares],
	expected [cryptocurrency] but found [shares],
	expected [cryptocurrency] but found [shares],
	expected [cryptocurrency] but found [shares]
</failure>
    <system-out><![CDATA[...
... TestNG 6.14.3 by CÃ©dric Beust (cedric@beust.com)
...

29/07/21 17:17:40 INFO  BasicHook:20 - ------ Starting -----Search in Wikipedia fail: Cryptocurrency with Shares-----
29/07/21 17:17:51 INFO  BasicHook:25 - ------ Ending -----Search in Wikipedia fail: Cryptocurrency with Shares-----
]]></system-out>
    <system-err><![CDATA[SLF4J: Failed to load class "org.slf4j.impl.StaticLoggerBinder".
SLF4J: Defaulting to no-operation (NOP) logger implementation
SLF4J: See http://www.slf4j.org/codes.html#StaticLoggerBinder for further details.
Starting ChromeDriver 92.0.4515.43 (8c61b7e2989f2990d42f859cac71319137787cce-refs/branch-heads/4515@{#306}) on port 27657
Only local connections are allowed.
Please see https://chromedriver.chromium.org/security-considerations for suggestions on keeping ChromeDriver safe.
ChromeDriver was started successfully.
jul. 29, 2021 5:17:42 P. M. org.openqa.selenium.remote.ProtocolHandshake createSession
INFO: Detected dialect: W3C
]]></system-err>
  </testcase>
  <testcase name="runScenario" classname="com.crowdar.bdd.cukes.TestNGSecuencialRunner" time="7.649">
    <failure message="The following asserts failed:&#10;	expected [cryptocurrency] but found [shares],&#10;	expected [cryptocurrency] but found [shares],&#10;	expected [cryptocurrency] but found [shares],&#10;	expected [cryptocurrency] but found [shares],&#10;	expected [cryptocurrency] but found [shares],&#10;	expected [cryptocurrency] but found [shares],&#10;	expected [cryptocurrency] but found [shares],&#10;	expected [cryptocurrency] but found [shares],&#10;	expected [cryptocurrency] but found [shares],&#10;	expected [cryptocurrency] but found [shares],&#10;	expected [cryptocurrency] but found [shares],&#10;	expected [cryptocurrency] but found [shares],&#10;	expected [cryptocurrency] but found [shares],&#10;	expected [cryptocurrency] but found [shares],&#10;	expected [cryptocurrency] but found [shares],&#10;	expected [cryptocurrency] but found [shares],&#10;	expected [cryptocurrency] but found [shares],&#10;	expected [cryptocurrency] but found [shares],&#10;	expected [cryptocurrency] but found [shares],&#10;	expected [cryptocurrency] but found [shares],&#10;	expected [cryptocurrency] but found [shares],&#10;	expected [cryptocurrency] but found [shares]" type="java.lang.AssertionError">java.lang.AssertionError: 
The following asserts failed:
	expected [cryptocurrency] but found [shares],
	expected [cryptocurrency] but found [shares],
	expected [cryptocurrency] but found [shares],
	expected [cryptocurrency] but found [shares],
	expected [cryptocurrency] but found [shares],
	expected [cryptocurrency] but found [shares],
	expected [cryptocurrency] but found [shares],
	expected [cryptocurrency] but found [shares],
	expected [cryptocurrency] but found [shares],
	expected [cryptocurrency] but found [shares],
	expected [cryptocurrency] but found [shares],
	expected [cryptocurrency] but found [shares],
	expected [cryptocurrency] but found [shares],
	expected [cryptocurrency] but found [shares],
	expected [cryptocurrency] but found [shares],
	expected [cryptocurrency] but found [shares],
	expected [cryptocurrency] but found [shares],
	expected [cryptocurrency] but found [shares],
	expected [cryptocurrency] but found [shares],
	expected [cryptocurrency] but found [shares],
	expected [cryptocurrency] but found [shares],
	expected [cryptocurrency] but found [shares]
</failure>
    <system-out><![CDATA[29/07/21 17:17:52 INFO  BasicHook:20 - ------ Starting -----m Search in Wikipedia fail: Cryptocurrency with Shares-----
29/07/21 17:17:59 INFO  BasicHook:25 - ------ Ending -----m Search in Wikipedia fail: Cryptocurrency with Shares-----
]]></system-out>
    <system-err><![CDATA[Starting ChromeDriver 92.0.4515.43 (8c61b7e2989f2990d42f859cac71319137787cce-refs/branch-heads/4515@{#306}) on port 29405
Only local connections are allowed.
Please see https://chromedriver.chromium.org/security-considerations for suggestions on keeping ChromeDriver safe.
ChromeDriver was started successfully.
jul. 29, 2021 5:17:53 P. M. org.openqa.selenium.remote.ProtocolHandshake createSession
INFO: Detected dialect: W3C
]]></system-err>
  </testcase>
  <testcase name="runScenario" classname="com.crowdar.bdd.cukes.TestNGSecuencialRunner" time="6.957"/>
</testsuite>