-------------------------------------------------------------------------------
Test set: TestSuite
-------------------------------------------------------------------------------
Tests run: 3, Failures: 2, Errors: 0, Skipped: 0, Time elapsed: 27.548 s <<< FAILURE! - in TestSuite
runScenario(com.crowdar.bdd.cukes.TestNGSecuencialRunner)  Time elapsed: 12.163 s  <<< FAILURE!
java.lang.AssertionError: 
The following asserts failed:
	expected [cryptocurrency] but found [shares],
	expected [cryptocurrency] but found [shares],
	expected [cryptocurrency] but found [shares],
	expected [cryptocurrency] but found [shares],
	expected [cryptocurrency] but found [shares],
	expected [cryptocurrency] but found [shares],
	expected [cryptocurrency] but found [shares],
	expected [cryptocurrency] but found [shares],
	expected [cryptocurrency] but found [shares],
	expected [cryptocurrency] but found [shares],
	expected [cryptocurrency] but found [shares],
	expected [cryptocurrency] but found [shares],
	expected [cryptocurrency] but found [shares],
	expected [cryptocurrency] but found [shares],
	expected [cryptocurrency] but found [shares],
	expected [cryptocurrency] but found [shares],
	expected [cryptocurrency] but found [shares],
	expected [cryptocurrency] but found [shares],
	expected [cryptocurrency] but found [shares],
	expected [cryptocurrency] but found [shares],
	expected [cryptocurrency] but found [shares],
	expected [cryptocurrency] but found [shares]

runScenario(com.crowdar.bdd.cukes.TestNGSecuencialRunner)  Time elapsed: 7.649 s  <<< FAILURE!
java.lang.AssertionError: 
The following asserts failed:
	expected [cryptocurrency] but found [shares],
	expected [cryptocurrency] but found [shares],
	expected [cryptocurrency] but found [shares],
	expected [cryptocurrency] but found [shares],
	expected [cryptocurrency] but found [shares],
	expected [cryptocurrency] but found [shares],
	expected [cryptocurrency] but found [shares],
	expected [cryptocurrency] but found [shares],
	expected [cryptocurrency] but found [shares],
	expected [cryptocurrency] but found [shares],
	expected [cryptocurrency] but found [shares],
	expected [cryptocurrency] but found [shares],
	expected [cryptocurrency] but found [shares],
	expected [cryptocurrency] but found [shares],
	expected [cryptocurrency] but found [shares],
	expected [cryptocurrency] but found [shares],
	expected [cryptocurrency] but found [shares],
	expected [cryptocurrency] but found [shares],
	expected [cryptocurrency] but found [shares],
	expected [cryptocurrency] but found [shares],
	expected [cryptocurrency] but found [shares],
	expected [cryptocurrency] but found [shares]

