<?xml version="1.0" encoding="UTF-8"?>
<testsuite xmlns:xsi="http://www.w3.org/2001/XMLSchema-instance" xsi:noNamespaceSchemaLocation="https://maven.apache.org/surefire/maven-surefire-plugin/xsd/surefire-test-report.xsd" name="TestSuite" time="27.548" tests="3" errors="0" skipped="0" failures="2">
  <properties>
[...]
</properties>
  <testcase name="runScenario" classname="com.crowdar.bdd.cukes.TestNGSecuencialRunner" time="12.163">
    <failure message="The following asserts failed:&#10;	expected [cryptocurrency] but found [shares],&#10;	expected [cryptocurrency] but found [shares],&#10;	expected [cryptocurrency] but found [shares],&#10;	expected [cryptocurrency] but found [shares],&#10;	expected [cryptocurrency] but found [shares],&#10;	expected [cryptocurrency] but found [shares],&#10;	expected [cryptocurrency] but found [shares],&#10;	expected [cryptocurrency] but found [shares],&#10;	expected [cryptocurrency] but found [shares],&#10;	expected [cryptocurrency] but found [shares],&#10;	expected [cryptocurrency] but found [shares],&#10;	expected [cryptocurrency] but found [shares],&#10;	expected [cryptocurrency] but found [shares],&#10;	expected [cryptocurrency] but found [shares],&#10;	expected [cryptocurrency] but found [shares],&#10;	expected [cryptocurrency] but found [shares],&#10;	expected [cryptocurrency] but found [shares],&#10;	expected [cryptocurrency] but found [shares],&#10;	expected [cryptocurrency] but found [shares],&#10;	expected [cryptocurrency] but found [shares],&#10;	expected [cryptocurrency] but found [shares],&#10;	expected [cryptocurrency] but found [shares]" type="java.lang.AssertionError">java.lang.AssertionError: 
The following asserts failed:
	expected [cryptocurrency] but found [shares],
	expected [cryptocurrency] but found [shares],
	expected [cryptocurrency] but found [shares],
	expected [cryptocurrency] but found [shares],
	expected [cryptocurrency] but found [shares],
	expected [cryptocurrency] but found [shares],
	expected [cryptocurrency] but found [shares],
	expected [cryptocurrency] but found [shares],
	expected [cryptocurrency] but found [shares],
	expected [cryptocurrency] but found [shares],
	expected [cryptocurrency] but found [shares],
	expected [cryptocurrency] but found [shares],
	expected [cryptocurrency] but found [shares],
	expected [cryptocurrency] but found [shares],
	expected [cryptocurrency] but found [shares],
	expected [cryptocurrency] but found [shares],
	expected [cryptocurrency] but found [shares],
	expected [cryptocurrency] but found [shares],
	expected [cryptocurrency] but found [shares],
	expected [cryptocurrency] but found [shares],
	expected [cryptocurrency] but found [shares],
	expected [cryptocurrency] but found [shares]
</failure>
    <system-out><![CDATA[...
... TestNG 6.14.3 by Cédric Beust (cedric@beust.com)
...

29/07/21 17:17:40 INFO  BasicHook:20 - ------ Starting -----Search in Wikipedia fail: Cryptocurrency with Shares-----
29/07/21 17:17:51 INFO  BasicHook:25 - ------ Ending -----Search in Wikipedia fail: Cryptocurrency with Shares-----
]]></system-out>
    <system-err><![CDATA[SLF4J: Failed to load class "org.slf4j.impl.StaticLoggerBinder".
SLF4J: Defaulting to no-operation (NOP) logger implementation
SLF4J: See http://www.slf4j.org/codes.html#StaticLoggerBinder for further details.
Starting ChromeDriver 92.0.4515.43 (8c61b7e2989f2990d42f859cac71319137787cce-refs/branch-heads/4515@{#306}) on port 27657
Only local connections are allowed.
Please see https://chromedriver.chromium.org/security-considerations for suggestions on keeping ChromeDriver safe.
ChromeDriver was started successfully.
jul. 29, 2021 5:17:42 P. M. org.openqa.selenium.remote.ProtocolHandshake createSession
INFO: Detected dialect: W3C
]]></system-err>
  </testcase>
  <testcase name="runScenario" classname="com.crowdar.bdd.cukes.TestNGSecuencialRunner" time="7.649">
    <failure message="The following asserts failed:&#10;	expected [cryptocurrency] but found [shares],&#10;	expected [cryptocurrency] but found [shares],&#10;	expected [cryptocurrency] but found [shares],&#10;	expected [cryptocurrency] but found [shares],&#10;	expected [cryptocurrency] but found [shares],&#10;	expected [cryptocurrency] but found [shares],&#10;	expected [cryptocurrency] but found [shares],&#10;	expected [cryptocurrency] but found [shares],&#10;	expected [cryptocurrency] but found [shares],&#10;	expected [cryptocurrency] but found [shares],&#10;	expected [cryptocurrency] but found [shares],&#10;	expected [cryptocurrency] but found [shares],&#10;	expected [cryptocurrency] but found [shares],&#10;	expected [cryptocurrency] but found [shares],&#10;	expected [cryptocurrency] but found [shares],&#10;	expected [cryptocurrency] but found [shares],&#10;	expected [cryptocurrency] but found [shares],&#10;	expected [cryptocurrency] but found [shares],&#10;	expected [cryptocurrency] but found [shares],&#10;	expected [cryptocurrency] but found [shares],&#10;	expected [cryptocurrency] but found [shares],&#10;	expected [cryptocurrency] but found [shares]" type="java.lang.AssertionError">java.lang.AssertionError: 
The following asserts failed:
	expected [cryptocurrency] but found [shares],
	expected [cryptocurrency] but found [shares],
	expected [cryptocurrency] but found [shares],
	expected [cryptocurrency] but found [shares],
	expected [cryptocurrency] but found [shares],
	expected [cryptocurrency] but found [shares],
	expected [cryptocurrency] but found [shares],
	expected [cryptocurrency] but found [shares],
	expected [cryptocurrency] but found [shares],
	expected [cryptocurrency] but found [shares],
	expected [cryptocurrency] but found [shares],
	expected [cryptocurrency] but found [shares],
	expected [cryptocurrency] but found [shares],
	expected [cryptocurrency] but found [shares],
	expected [cryptocurrency] but found [shares],
	expected [cryptocurrency] but found [shares],
	expected [cryptocurrency] but found [shares],
	expected [cryptocurrency] but found [shares],
	expected [cryptocurrency] but found [shares],
	expected [cryptocurrency] but found [shares],
	expected [cryptocurrency] but found [shares],
	expected [cryptocurrency] but found [shares]
</failure>
    <system-out><![CDATA[29/07/21 17:17:52 INFO  BasicHook:20 - ------ Starting -----m Search in Wikipedia fail: Cryptocurrency with Shares-----
29/07/21 17:17:59 INFO  BasicHook:25 - ------ Ending -----m Search in Wikipedia fail: Cryptocurrency with Shares-----
]]></system-out>
    <system-err><![CDATA[Starting ChromeDriver 92.0.4515.43 (8c61b7e2989f2990d42f859cac71319137787cce-refs/branch-heads/4515@{#306}) on port 29405
Only local connections are allowed.
Please see https://chromedriver.chromium.org/security-considerations for suggestions on keeping ChromeDriver safe.
ChromeDriver was started successfully.
jul. 29, 2021 5:17:53 P. M. org.openqa.selenium.remote.ProtocolHandshake createSession
INFO: Detected dialect: W3C
]]></system-err>
  </testcase>
  <testcase name="runScenario" classname="com.crowdar.bdd.cukes.TestNGSecuencialRunner" time="6.957"/>
</testsuite>